<?xml version="1.0" encoding="UTF-8"?>
<testng-results ignored="0" total="1" passed="1" failed="0" skipped="0">
  <reporter-output>
    <line>
      <![CDATA[LOG:INFO- Running Before Class - Setting Up Browser ]]>
    </line>
    <line>
      <![CDATA[chrome]]>
    </line>
    <line>
      <![CDATA[LOG:INFO- Browser and Application Up and Running ]]>
    </line>
    <line>
      <![CDATA[LOG:INFO- Running After Class - Closing Browser]]>
    </line>
    <line>
      <![CDATA[LOG:INFO- Browser Closed]]>
    </line>
    <line>
      <![CDATA[LOG:INFO- Running After Class - Closing Browser]]>
    </line>
    <line>
      <![CDATA[LOG:INFO- Browser Closed]]>
    </line>
  </reporter-output>
  <suite started-at="2024-01-14T17:02:00 IST" name="Suite" finished-at="2024-01-14T17:02:20 IST" duration-ms="19651">
    <groups>
    </groups>
    <test started-at="2024-01-14T17:02:00 IST" name="learnAutomation" finished-at="2024-01-14T17:02:20 IST" duration-ms="19651">
      <class name="testCases.LoginTest">
        <test-method is-config="true" signature="setup()[pri:0, instance:testCases.LoginTest@54e7df6a]" started-at="2024-01-14T17:02:02 IST" name="setup" finished-at="2024-01-14T17:02:08 IST" duration-ms="5923" status="PASS">
          <reporter-output>
            <line>
              <![CDATA[LOG:INFO- Running Before Class - Setting Up Browser ]]>
            </line>
            <line>
              <![CDATA[chrome]]>
            </line>
            <line>
              <![CDATA[LOG:INFO- Browser and Application Up and Running ]]>
            </line>
          </reporter-output>
        </test-method> <!-- setup -->
        <test-method signature="validLogin(java.lang.String,java.lang.String)[pri:0, instance:testCases.LoginTest@54e7df6a]" started-at="2024-01-14T17:02:08 IST" name="validLogin" data-provider="readLoginData" finished-at="2024-01-14T17:02:19 IST" duration-ms="10829" status="PASS">
          <params>
            <param index="0">
              <value>
                <![CDATA[admin@email.com]]>
              </value>
            </param>
            <param index="1">
              <value>
                <![CDATA[admin@123]]>
              </value>
            </param>
          </params>
          <reporter-output>
          </reporter-output>
        </test-method> <!-- validLogin -->
        <test-method is-config="true" signature="tearDown()[pri:0, instance:testCases.LoginTest@54e7df6a]" started-at="2024-01-14T17:02:19 IST" name="tearDown" finished-at="2024-01-14T17:02:20 IST" duration-ms="540" status="PASS">
          <reporter-output>
            <line>
              <![CDATA[LOG:INFO- Running After Class - Closing Browser]]>
            </line>
            <line>
              <![CDATA[LOG:INFO- Browser Closed]]>
            </line>
          </reporter-output>
        </test-method> <!-- tearDown -->
        <test-method is-config="true" signature="tearDown()[pri:0, instance:testCases.LoginTest@54e7df6a]" started-at="2024-01-14T17:02:20 IST" name="tearDown" finished-at="2024-01-14T17:02:20 IST" duration-ms="1" status="PASS">
          <reporter-output>
            <line>
              <![CDATA[LOG:INFO- Running After Class - Closing Browser]]>
            </line>
            <line>
              <![CDATA[LOG:INFO- Browser Closed]]>
            </line>
          </reporter-output>
        </test-method> <!-- tearDown -->
      </class> <!-- testCases.LoginTest -->
    </test> <!-- learnAutomation -->
  </suite> <!-- Suite -->
</testng-results>
